                        .module lights.c
                        .area text(rom, con, rel)
 0000                   .dbfile ..\..\ICCV7A~1\secend\lights.c
 0000                   .dbfile C:\Users\ASUS\OneDrive\桌面\ICCV7A~1\secend\lights.c
 0000                   .dbfunc e delay_ms _delay_ms fV
 0000           ;              i -> R20,R21
 0000           ;              j -> R22,R23
 0000           ;             ms -> R16,R17
                        .even
 0000           _delay_ms::
 0000 0E940000          xcall push_xgsetF000
 0004                   .dbline -1
 0004                   .dbline 4
 0004           ; #include"iom16V.h"
 0004           ; 
 0004           ; void delay_ms(int ms) //延迟函数
 0004           ; {
 0004                   .dbline 6
 0004           ;     int i,j;
 0004           ;     for(i=0;i<ms;i++)
 0004 4427              clr R20
 0006 5527              clr R21
 0008 0AC0              xjmp L5
 000A           L2:
 000A                   .dbline 7
 000A           ;       {
 000A                   .dbline 8
 000A           ;           for(j=0;j<1148;j++);
 000A 6627              clr R22
 000C 7727              clr R23
 000E           L6:
 000E                   .dbline 8
 000E           L7:
 000E                   .dbline 8
 000E 6F5F              subi R22,255  ; offset = 1
 0010 7F4F              sbci R23,255
 0012                   .dbline 8
 0012 6C37              cpi R22,124
 0014 E4E0              ldi R30,4
 0016 7E07              cpc R23,R30
 0018 D4F3              brlt L6
 001A           X0:
 001A                   .dbline 9
 001A           ;       }
 001A           L3:
 001A                   .dbline 6
 001A 4F5F              subi R20,255  ; offset = 1
 001C 5F4F              sbci R21,255
 001E           L5:
 001E                   .dbline 6
 001E 4017              cp R20,R16
 0020 5107              cpc R21,R17
 0022 9CF3              brlt L2
 0024           X1:
 0024                   .dbline -2
 0024           L1:
 0024                   .dbline 0 ; func end
 0024 0C940000          xjmp pop_xgsetF000
 0028                   .dbsym r i 20 I
 0028                   .dbsym r j 22 I
 0028                   .dbsym r ms 16 I
 0028                   .dbend
 0028                   .dbfunc e port_init _port_init fV
                        .even
 0028           _port_init::
 0028                   .dbline -1
 0028                   .dbline 13
 0028           ; }
 0028           ; 
 0028           ; void port_init(void)
 0028           ; {
 0028                   .dbline 14
 0028           ;     DDRA=0x00;
 0028 2224              clr R2
 002A 2ABA              out 0x1a,R2
 002C                   .dbline 15
 002C           ;     PORTA=0x00;
 002C 2BBA              out 0x1b,R2
 002E                   .dbline -2
 002E           L10:
 002E                   .dbline 0 ; func end
 002E 0895              ret
 0030                   .dbend
 0030                   .dbfunc e main _main fV
                        .even
 0030           _main::
 0030                   .dbline -1
 0030                   .dbline 19
 0030           ; }
 0030           ; 
 0030           ; void main()
 0030           ; {
 0030                   .dbline 20
 0030           ;     port_init();
 0030 FBDF              xcall _port_init
 0032 0AC0              xjmp L13
 0034           L12:
 0034                   .dbline 22
 0034           ;     while(1)
 0034           ;       {
 0034                   .dbline 23
 0034           ;        DDRA |= (1<<2);  //输出高电平
 0034 D29A              sbi 0x1a,2
 0036                   .dbline 24
 0036           ;          PORTA |= (1<<2);
 0036 DA9A              sbi 0x1b,2
 0038                   .dbline 25
 0038           ;          delay_ms(500);
 0038 04EF              ldi R16,500
 003A 11E0              ldi R17,1
 003C E1DF              xcall _delay_ms
 003E                   .dbline 26
 003E           ;          DDRA |= (1<<2);
 003E D29A              sbi 0x1a,2
 0040                   .dbline 27
 0040           ;          PORTA &= ~(1<<2); //输出低电平
 0040 DA98              cbi 0x1b,2
 0042                   .dbline 28
 0042           ;          delay_ms(500);
 0042 04EF              ldi R16,500
 0044 11E0              ldi R17,1
 0046 DCDF              xcall _delay_ms
 0048                   .dbline 29
 0048           ;       }
 0048           L13:
 0048                   .dbline 21
 0048 F5CF              xjmp L12
 004A           X2:
 004A                   .dbline -2
 004A           L11:
 004A                   .dbline 0 ; func end
 004A 0895              ret
 004C                   .dbend
 004C           ; }
